
2023/09/17 16:36:50 C:/Code/Go/src/filicat/jassue-gin-try/bootstrap/db.go:119
[0.000ms] [rows:-] SELECT DATABASE()

2023/09/17 16:36:50 C:/Code/Go/src/filicat/jassue-gin-try/bootstrap/db.go:119
[0.730ms] [rows:1] SELECT SCHEMA_NAME from Information_schema.SCHEMATA where SCHEMA_NAME LIKE 'jassue-gin%' ORDER BY SCHEMA_NAME='jassue-gin' DESC,SCHEMA_NAME limit 1

2023/09/17 16:36:50 C:/Code/Go/src/filicat/jassue-gin-try/bootstrap/db.go:119
[0.525ms] [rows:-] SELECT count(*) FROM information_schema.tables WHERE table_schema = 'jassue-gin' AND table_name = 'users' AND table_type = 'BASE TABLE'

2023/09/17 16:36:50 C:/Code/Go/src/filicat/jassue-gin-try/bootstrap/db.go:119
[0.000ms] [rows:-] SELECT DATABASE()

2023/09/17 16:36:50 C:/Code/Go/src/filicat/jassue-gin-try/bootstrap/db.go:119
[0.000ms] [rows:1] SELECT SCHEMA_NAME from Information_schema.SCHEMATA where SCHEMA_NAME LIKE 'jassue-gin%' ORDER BY SCHEMA_NAME='jassue-gin' DESC,SCHEMA_NAME limit 1

2023/09/17 16:36:50 C:/Code/Go/src/filicat/jassue-gin-try/bootstrap/db.go:119
[0.000ms] [rows:-] SELECT * FROM `users` LIMIT 1

2023/09/17 16:36:50 C:/Code/Go/src/filicat/jassue-gin-try/bootstrap/db.go:119
[0.749ms] [rows:-] SELECT column_name, column_default, is_nullable = 'YES', data_type, character_maximum_length, column_type, column_key, extra, column_comment, numeric_precision, numeric_scale , datetime_precision FROM information_schema.columns WHERE table_schema = 'jassue-gin' AND table_name = 'users' ORDER BY ORDINAL_POSITION

2023/09/17 16:36:50 C:/Code/Go/src/filicat/jassue-gin-try/bootstrap/db.go:119
[0.000ms] [rows:-] SELECT DATABASE()

2023/09/17 16:36:50 C:/Code/Go/src/filicat/jassue-gin-try/bootstrap/db.go:119
[0.526ms] [rows:1] SELECT SCHEMA_NAME from Information_schema.SCHEMATA where SCHEMA_NAME LIKE 'jassue-gin%' ORDER BY SCHEMA_NAME='jassue-gin' DESC,SCHEMA_NAME limit 1

2023/09/17 16:36:50 C:/Code/Go/src/filicat/jassue-gin-try/bootstrap/db.go:119
[0.505ms] [rows:-] SELECT count(*) FROM information_schema.statistics WHERE table_schema = 'jassue-gin' AND table_name = 'users' AND index_name = 'idx_users_mobile'

2023/09/17 16:36:50 C:/Code/Go/src/filicat/jassue-gin-try/bootstrap/db.go:119
[0.000ms] [rows:-] SELECT DATABASE()

2023/09/17 16:36:50 C:/Code/Go/src/filicat/jassue-gin-try/bootstrap/db.go:119
[0.000ms] [rows:1] SELECT SCHEMA_NAME from Information_schema.SCHEMATA where SCHEMA_NAME LIKE 'jassue-gin%' ORDER BY SCHEMA_NAME='jassue-gin' DESC,SCHEMA_NAME limit 1

2023/09/17 16:36:50 C:/Code/Go/src/filicat/jassue-gin-try/bootstrap/db.go:119
[0.000ms] [rows:-] SELECT count(*) FROM information_schema.statistics WHERE table_schema = 'jassue-gin' AND table_name = 'users' AND index_name = 'idx_users_deleted_at'

2023/09/17 16:38:06 C:/Code/Go/src/filicat/jassue-gin-try/bootstrap/db.go:119
[0.054ms] [rows:-] SELECT DATABASE()

2023/09/17 16:38:06 C:/Code/Go/src/filicat/jassue-gin-try/bootstrap/db.go:119
[0.580ms] [rows:1] SELECT SCHEMA_NAME from Information_schema.SCHEMATA where SCHEMA_NAME LIKE 'jassue-gin%' ORDER BY SCHEMA_NAME='jassue-gin' DESC,SCHEMA_NAME limit 1

2023/09/17 16:38:06 C:/Code/Go/src/filicat/jassue-gin-try/bootstrap/db.go:119
[0.787ms] [rows:-] SELECT count(*) FROM information_schema.tables WHERE table_schema = 'jassue-gin' AND table_name = 'users' AND table_type = 'BASE TABLE'

2023/09/17 16:38:06 C:/Code/Go/src/filicat/jassue-gin-try/bootstrap/db.go:119
[0.000ms] [rows:-] SELECT DATABASE()

2023/09/17 16:38:06 C:/Code/Go/src/filicat/jassue-gin-try/bootstrap/db.go:119
[0.503ms] [rows:1] SELECT SCHEMA_NAME from Information_schema.SCHEMATA where SCHEMA_NAME LIKE 'jassue-gin%' ORDER BY SCHEMA_NAME='jassue-gin' DESC,SCHEMA_NAME limit 1

2023/09/17 16:38:06 C:/Code/Go/src/filicat/jassue-gin-try/bootstrap/db.go:119
[0.000ms] [rows:-] SELECT * FROM `users` LIMIT 1

2023/09/17 16:38:06 C:/Code/Go/src/filicat/jassue-gin-try/bootstrap/db.go:119
[0.601ms] [rows:-] SELECT column_name, column_default, is_nullable = 'YES', data_type, character_maximum_length, column_type, column_key, extra, column_comment, numeric_precision, numeric_scale , datetime_precision FROM information_schema.columns WHERE table_schema = 'jassue-gin' AND table_name = 'users' ORDER BY ORDINAL_POSITION

2023/09/17 16:38:06 C:/Code/Go/src/filicat/jassue-gin-try/bootstrap/db.go:119
[0.503ms] [rows:-] SELECT DATABASE()

2023/09/17 16:38:06 C:/Code/Go/src/filicat/jassue-gin-try/bootstrap/db.go:119
[0.000ms] [rows:1] SELECT SCHEMA_NAME from Information_schema.SCHEMATA where SCHEMA_NAME LIKE 'jassue-gin%' ORDER BY SCHEMA_NAME='jassue-gin' DESC,SCHEMA_NAME limit 1

2023/09/17 16:38:06 C:/Code/Go/src/filicat/jassue-gin-try/bootstrap/db.go:119
[0.503ms] [rows:-] SELECT count(*) FROM information_schema.statistics WHERE table_schema = 'jassue-gin' AND table_name = 'users' AND index_name = 'idx_users_mobile'

2023/09/17 16:38:06 C:/Code/Go/src/filicat/jassue-gin-try/bootstrap/db.go:119
[0.000ms] [rows:-] SELECT DATABASE()

2023/09/17 16:38:06 C:/Code/Go/src/filicat/jassue-gin-try/bootstrap/db.go:119
[0.000ms] [rows:1] SELECT SCHEMA_NAME from Information_schema.SCHEMATA where SCHEMA_NAME LIKE 'jassue-gin%' ORDER BY SCHEMA_NAME='jassue-gin' DESC,SCHEMA_NAME limit 1

2023/09/17 16:38:06 C:/Code/Go/src/filicat/jassue-gin-try/bootstrap/db.go:119
[0.596ms] [rows:-] SELECT count(*) FROM information_schema.statistics WHERE table_schema = 'jassue-gin' AND table_name = 'users' AND index_name = 'idx_users_deleted_at'

2023/09/17 16:38:52 C:/Code/Go/src/filicat/jassue-gin-try/bootstrap/db.go:119
[0.000ms] [rows:-] SELECT DATABASE()

2023/09/17 16:38:52 C:/Code/Go/src/filicat/jassue-gin-try/bootstrap/db.go:119
[0.625ms] [rows:1] SELECT SCHEMA_NAME from Information_schema.SCHEMATA where SCHEMA_NAME LIKE 'jassue-gin%' ORDER BY SCHEMA_NAME='jassue-gin' DESC,SCHEMA_NAME limit 1

2023/09/17 16:38:52 C:/Code/Go/src/filicat/jassue-gin-try/bootstrap/db.go:119
[0.596ms] [rows:-] SELECT count(*) FROM information_schema.tables WHERE table_schema = 'jassue-gin' AND table_name = 'users' AND table_type = 'BASE TABLE'

2023/09/17 16:38:52 C:/Code/Go/src/filicat/jassue-gin-try/bootstrap/db.go:119
[0.000ms] [rows:-] SELECT DATABASE()

2023/09/17 16:38:52 C:/Code/Go/src/filicat/jassue-gin-try/bootstrap/db.go:119
[0.525ms] [rows:1] SELECT SCHEMA_NAME from Information_schema.SCHEMATA where SCHEMA_NAME LIKE 'jassue-gin%' ORDER BY SCHEMA_NAME='jassue-gin' DESC,SCHEMA_NAME limit 1

2023/09/17 16:38:52 C:/Code/Go/src/filicat/jassue-gin-try/bootstrap/db.go:119
[0.000ms] [rows:-] SELECT * FROM `users` LIMIT 1

2023/09/17 16:38:52 C:/Code/Go/src/filicat/jassue-gin-try/bootstrap/db.go:119
[0.526ms] [rows:-] SELECT column_name, column_default, is_nullable = 'YES', data_type, character_maximum_length, column_type, column_key, extra, column_comment, numeric_precision, numeric_scale , datetime_precision FROM information_schema.columns WHERE table_schema = 'jassue-gin' AND table_name = 'users' ORDER BY ORDINAL_POSITION

2023/09/17 16:38:52 C:/Code/Go/src/filicat/jassue-gin-try/bootstrap/db.go:119
[0.000ms] [rows:-] SELECT DATABASE()

2023/09/17 16:38:52 C:/Code/Go/src/filicat/jassue-gin-try/bootstrap/db.go:119
[0.000ms] [rows:1] SELECT SCHEMA_NAME from Information_schema.SCHEMATA where SCHEMA_NAME LIKE 'jassue-gin%' ORDER BY SCHEMA_NAME='jassue-gin' DESC,SCHEMA_NAME limit 1

2023/09/17 16:38:52 C:/Code/Go/src/filicat/jassue-gin-try/bootstrap/db.go:119
[0.727ms] [rows:-] SELECT count(*) FROM information_schema.statistics WHERE table_schema = 'jassue-gin' AND table_name = 'users' AND index_name = 'idx_users_mobile'

2023/09/17 16:38:52 C:/Code/Go/src/filicat/jassue-gin-try/bootstrap/db.go:119
[0.000ms] [rows:-] SELECT DATABASE()

2023/09/17 16:38:52 C:/Code/Go/src/filicat/jassue-gin-try/bootstrap/db.go:119
[0.525ms] [rows:1] SELECT SCHEMA_NAME from Information_schema.SCHEMATA where SCHEMA_NAME LIKE 'jassue-gin%' ORDER BY SCHEMA_NAME='jassue-gin' DESC,SCHEMA_NAME limit 1

2023/09/17 16:38:52 C:/Code/Go/src/filicat/jassue-gin-try/bootstrap/db.go:119
[0.000ms] [rows:-] SELECT count(*) FROM information_schema.statistics WHERE table_schema = 'jassue-gin' AND table_name = 'users' AND index_name = 'idx_users_deleted_at'

2023/09/17 16:40:08 C:/Code/Go/src/filicat/jassue-gin-try/bootstrap/db.go:119
[0.000ms] [rows:-] SELECT DATABASE()

2023/09/17 16:40:08 C:/Code/Go/src/filicat/jassue-gin-try/bootstrap/db.go:119
[0.735ms] [rows:1] SELECT SCHEMA_NAME from Information_schema.SCHEMATA where SCHEMA_NAME LIKE 'jassue-gin%' ORDER BY SCHEMA_NAME='jassue-gin' DESC,SCHEMA_NAME limit 1

2023/09/17 16:40:08 C:/Code/Go/src/filicat/jassue-gin-try/bootstrap/db.go:119
[0.639ms] [rows:-] SELECT count(*) FROM information_schema.tables WHERE table_schema = 'jassue-gin' AND table_name = 'users' AND table_type = 'BASE TABLE'

2023/09/17 16:40:08 C:/Code/Go/src/filicat/jassue-gin-try/bootstrap/db.go:119
[0.000ms] [rows:-] SELECT DATABASE()

2023/09/17 16:40:08 C:/Code/Go/src/filicat/jassue-gin-try/bootstrap/db.go:119
[0.526ms] [rows:1] SELECT SCHEMA_NAME from Information_schema.SCHEMATA where SCHEMA_NAME LIKE 'jassue-gin%' ORDER BY SCHEMA_NAME='jassue-gin' DESC,SCHEMA_NAME limit 1

2023/09/17 16:40:08 C:/Code/Go/src/filicat/jassue-gin-try/bootstrap/db.go:119
[0.000ms] [rows:-] SELECT * FROM `users` LIMIT 1

2023/09/17 16:40:08 C:/Code/Go/src/filicat/jassue-gin-try/bootstrap/db.go:119
[0.525ms] [rows:-] SELECT column_name, column_default, is_nullable = 'YES', data_type, character_maximum_length, column_type, column_key, extra, column_comment, numeric_precision, numeric_scale , datetime_precision FROM information_schema.columns WHERE table_schema = 'jassue-gin' AND table_name = 'users' ORDER BY ORDINAL_POSITION

2023/09/17 16:40:08 C:/Code/Go/src/filicat/jassue-gin-try/bootstrap/db.go:119
[0.000ms] [rows:-] SELECT DATABASE()

2023/09/17 16:40:08 C:/Code/Go/src/filicat/jassue-gin-try/bootstrap/db.go:119
[0.000ms] [rows:1] SELECT SCHEMA_NAME from Information_schema.SCHEMATA where SCHEMA_NAME LIKE 'jassue-gin%' ORDER BY SCHEMA_NAME='jassue-gin' DESC,SCHEMA_NAME limit 1

2023/09/17 16:40:08 C:/Code/Go/src/filicat/jassue-gin-try/bootstrap/db.go:119
[0.692ms] [rows:-] SELECT count(*) FROM information_schema.statistics WHERE table_schema = 'jassue-gin' AND table_name = 'users' AND index_name = 'idx_users_mobile'

2023/09/17 16:40:08 C:/Code/Go/src/filicat/jassue-gin-try/bootstrap/db.go:119
[0.000ms] [rows:-] SELECT DATABASE()

2023/09/17 16:40:08 C:/Code/Go/src/filicat/jassue-gin-try/bootstrap/db.go:119
[0.525ms] [rows:1] SELECT SCHEMA_NAME from Information_schema.SCHEMATA where SCHEMA_NAME LIKE 'jassue-gin%' ORDER BY SCHEMA_NAME='jassue-gin' DESC,SCHEMA_NAME limit 1

2023/09/17 16:40:08 C:/Code/Go/src/filicat/jassue-gin-try/bootstrap/db.go:119
[0.000ms] [rows:-] SELECT count(*) FROM information_schema.statistics WHERE table_schema = 'jassue-gin' AND table_name = 'users' AND index_name = 'idx_users_deleted_at'

2023/09/17 16:41:30 C:/Code/Go/src/filicat/jassue-gin-try/bootstrap/db.go:119
[0.000ms] [rows:-] SELECT DATABASE()

2023/09/17 16:41:30 C:/Code/Go/src/filicat/jassue-gin-try/bootstrap/db.go:119
[0.657ms] [rows:1] SELECT SCHEMA_NAME from Information_schema.SCHEMATA where SCHEMA_NAME LIKE 'jassue-gin%' ORDER BY SCHEMA_NAME='jassue-gin' DESC,SCHEMA_NAME limit 1

2023/09/17 16:41:30 C:/Code/Go/src/filicat/jassue-gin-try/bootstrap/db.go:119
[0.503ms] [rows:-] SELECT count(*) FROM information_schema.tables WHERE table_schema = 'jassue-gin' AND table_name = 'users' AND table_type = 'BASE TABLE'

2023/09/17 16:41:30 C:/Code/Go/src/filicat/jassue-gin-try/bootstrap/db.go:119
[0.000ms] [rows:-] SELECT DATABASE()

2023/09/17 16:41:30 C:/Code/Go/src/filicat/jassue-gin-try/bootstrap/db.go:119
[0.000ms] [rows:1] SELECT SCHEMA_NAME from Information_schema.SCHEMATA where SCHEMA_NAME LIKE 'jassue-gin%' ORDER BY SCHEMA_NAME='jassue-gin' DESC,SCHEMA_NAME limit 1

2023/09/17 16:41:30 C:/Code/Go/src/filicat/jassue-gin-try/bootstrap/db.go:119
[0.000ms] [rows:-] SELECT * FROM `users` LIMIT 1

2023/09/17 16:41:31 C:/Code/Go/src/filicat/jassue-gin-try/bootstrap/db.go:119
[0.772ms] [rows:-] SELECT column_name, column_default, is_nullable = 'YES', data_type, character_maximum_length, column_type, column_key, extra, column_comment, numeric_precision, numeric_scale , datetime_precision FROM information_schema.columns WHERE table_schema = 'jassue-gin' AND table_name = 'users' ORDER BY ORDINAL_POSITION

2023/09/17 16:41:31 C:/Code/Go/src/filicat/jassue-gin-try/bootstrap/db.go:119
[0.503ms] [rows:-] SELECT DATABASE()

2023/09/17 16:41:31 C:/Code/Go/src/filicat/jassue-gin-try/bootstrap/db.go:119
[0.000ms] [rows:1] SELECT SCHEMA_NAME from Information_schema.SCHEMATA where SCHEMA_NAME LIKE 'jassue-gin%' ORDER BY SCHEMA_NAME='jassue-gin' DESC,SCHEMA_NAME limit 1

2023/09/17 16:41:31 C:/Code/Go/src/filicat/jassue-gin-try/bootstrap/db.go:119
[0.503ms] [rows:-] SELECT count(*) FROM information_schema.statistics WHERE table_schema = 'jassue-gin' AND table_name = 'users' AND index_name = 'idx_users_mobile'

2023/09/17 16:41:31 C:/Code/Go/src/filicat/jassue-gin-try/bootstrap/db.go:119
[0.000ms] [rows:-] SELECT DATABASE()

2023/09/17 16:41:31 C:/Code/Go/src/filicat/jassue-gin-try/bootstrap/db.go:119
[0.000ms] [rows:1] SELECT SCHEMA_NAME from Information_schema.SCHEMATA where SCHEMA_NAME LIKE 'jassue-gin%' ORDER BY SCHEMA_NAME='jassue-gin' DESC,SCHEMA_NAME limit 1

2023/09/17 16:41:31 C:/Code/Go/src/filicat/jassue-gin-try/bootstrap/db.go:119
[0.503ms] [rows:-] SELECT count(*) FROM information_schema.statistics WHERE table_schema = 'jassue-gin' AND table_name = 'users' AND index_name = 'idx_users_deleted_at'

2023/09/17 16:41:36 C:/Code/Go/src/filicat/jassue-gin-try/bootstrap/db.go:119
[0.000ms] [rows:-] SELECT DATABASE()

2023/09/17 16:41:36 C:/Code/Go/src/filicat/jassue-gin-try/bootstrap/db.go:119
[0.691ms] [rows:1] SELECT SCHEMA_NAME from Information_schema.SCHEMATA where SCHEMA_NAME LIKE 'jassue-gin%' ORDER BY SCHEMA_NAME='jassue-gin' DESC,SCHEMA_NAME limit 1

2023/09/17 16:41:36 C:/Code/Go/src/filicat/jassue-gin-try/bootstrap/db.go:119
[0.503ms] [rows:-] SELECT count(*) FROM information_schema.tables WHERE table_schema = 'jassue-gin' AND table_name = 'users' AND table_type = 'BASE TABLE'

2023/09/17 16:41:36 C:/Code/Go/src/filicat/jassue-gin-try/bootstrap/db.go:119
[0.000ms] [rows:-] SELECT DATABASE()

2023/09/17 16:41:36 C:/Code/Go/src/filicat/jassue-gin-try/bootstrap/db.go:119
[0.000ms] [rows:1] SELECT SCHEMA_NAME from Information_schema.SCHEMATA where SCHEMA_NAME LIKE 'jassue-gin%' ORDER BY SCHEMA_NAME='jassue-gin' DESC,SCHEMA_NAME limit 1

2023/09/17 16:41:36 C:/Code/Go/src/filicat/jassue-gin-try/bootstrap/db.go:119
[0.503ms] [rows:-] SELECT * FROM `users` LIMIT 1

2023/09/17 16:41:36 C:/Code/Go/src/filicat/jassue-gin-try/bootstrap/db.go:119
[0.502ms] [rows:-] SELECT column_name, column_default, is_nullable = 'YES', data_type, character_maximum_length, column_type, column_key, extra, column_comment, numeric_precision, numeric_scale , datetime_precision FROM information_schema.columns WHERE table_schema = 'jassue-gin' AND table_name = 'users' ORDER BY ORDINAL_POSITION

2023/09/17 16:41:36 C:/Code/Go/src/filicat/jassue-gin-try/bootstrap/db.go:119
[0.000ms] [rows:-] SELECT DATABASE()

2023/09/17 16:41:36 C:/Code/Go/src/filicat/jassue-gin-try/bootstrap/db.go:119
[0.000ms] [rows:1] SELECT SCHEMA_NAME from Information_schema.SCHEMATA where SCHEMA_NAME LIKE 'jassue-gin%' ORDER BY SCHEMA_NAME='jassue-gin' DESC,SCHEMA_NAME limit 1

2023/09/17 16:41:36 C:/Code/Go/src/filicat/jassue-gin-try/bootstrap/db.go:119
[0.702ms] [rows:-] SELECT count(*) FROM information_schema.statistics WHERE table_schema = 'jassue-gin' AND table_name = 'users' AND index_name = 'idx_users_mobile'

2023/09/17 16:41:36 C:/Code/Go/src/filicat/jassue-gin-try/bootstrap/db.go:119
[0.000ms] [rows:-] SELECT DATABASE()

2023/09/17 16:41:36 C:/Code/Go/src/filicat/jassue-gin-try/bootstrap/db.go:119
[0.633ms] [rows:1] SELECT SCHEMA_NAME from Information_schema.SCHEMATA where SCHEMA_NAME LIKE 'jassue-gin%' ORDER BY SCHEMA_NAME='jassue-gin' DESC,SCHEMA_NAME limit 1

2023/09/17 16:41:36 C:/Code/Go/src/filicat/jassue-gin-try/bootstrap/db.go:119
[0.000ms] [rows:-] SELECT count(*) FROM information_schema.statistics WHERE table_schema = 'jassue-gin' AND table_name = 'users' AND index_name = 'idx_users_deleted_at'

2023/09/17 16:41:52 C:/Code/Go/src/filicat/jassue-gin-try/bootstrap/db.go:119
[0.515ms] [rows:-] SELECT DATABASE()

2023/09/17 16:41:52 C:/Code/Go/src/filicat/jassue-gin-try/bootstrap/db.go:119
[0.597ms] [rows:1] SELECT SCHEMA_NAME from Information_schema.SCHEMATA where SCHEMA_NAME LIKE 'jassue-gin%' ORDER BY SCHEMA_NAME='jassue-gin' DESC,SCHEMA_NAME limit 1

2023/09/17 16:41:52 C:/Code/Go/src/filicat/jassue-gin-try/bootstrap/db.go:119
[0.503ms] [rows:-] SELECT count(*) FROM information_schema.tables WHERE table_schema = 'jassue-gin' AND table_name = 'users' AND table_type = 'BASE TABLE'

2023/09/17 16:41:52 C:/Code/Go/src/filicat/jassue-gin-try/bootstrap/db.go:119
[0.000ms] [rows:-] SELECT DATABASE()

2023/09/17 16:41:52 C:/Code/Go/src/filicat/jassue-gin-try/bootstrap/db.go:119
[0.000ms] [rows:1] SELECT SCHEMA_NAME from Information_schema.SCHEMATA where SCHEMA_NAME LIKE 'jassue-gin%' ORDER BY SCHEMA_NAME='jassue-gin' DESC,SCHEMA_NAME limit 1

2023/09/17 16:41:52 C:/Code/Go/src/filicat/jassue-gin-try/bootstrap/db.go:119
[0.602ms] [rows:-] SELECT * FROM `users` LIMIT 1

2023/09/17 16:41:52 C:/Code/Go/src/filicat/jassue-gin-try/bootstrap/db.go:119
[0.504ms] [rows:-] SELECT column_name, column_default, is_nullable = 'YES', data_type, character_maximum_length, column_type, column_key, extra, column_comment, numeric_precision, numeric_scale , datetime_precision FROM information_schema.columns WHERE table_schema = 'jassue-gin' AND table_name = 'users' ORDER BY ORDINAL_POSITION

2023/09/17 16:41:52 C:/Code/Go/src/filicat/jassue-gin-try/bootstrap/db.go:119
[0.000ms] [rows:-] SELECT DATABASE()

2023/09/17 16:41:52 C:/Code/Go/src/filicat/jassue-gin-try/bootstrap/db.go:119
[0.000ms] [rows:1] SELECT SCHEMA_NAME from Information_schema.SCHEMATA where SCHEMA_NAME LIKE 'jassue-gin%' ORDER BY SCHEMA_NAME='jassue-gin' DESC,SCHEMA_NAME limit 1

2023/09/17 16:41:52 C:/Code/Go/src/filicat/jassue-gin-try/bootstrap/db.go:119
[0.505ms] [rows:-] SELECT count(*) FROM information_schema.statistics WHERE table_schema = 'jassue-gin' AND table_name = 'users' AND index_name = 'idx_users_mobile'

2023/09/17 16:41:52 C:/Code/Go/src/filicat/jassue-gin-try/bootstrap/db.go:119
[0.000ms] [rows:-] SELECT DATABASE()

2023/09/17 16:41:52 C:/Code/Go/src/filicat/jassue-gin-try/bootstrap/db.go:119
[0.653ms] [rows:1] SELECT SCHEMA_NAME from Information_schema.SCHEMATA where SCHEMA_NAME LIKE 'jassue-gin%' ORDER BY SCHEMA_NAME='jassue-gin' DESC,SCHEMA_NAME limit 1

2023/09/17 16:41:52 C:/Code/Go/src/filicat/jassue-gin-try/bootstrap/db.go:119
[0.506ms] [rows:-] SELECT count(*) FROM information_schema.statistics WHERE table_schema = 'jassue-gin' AND table_name = 'users' AND index_name = 'idx_users_deleted_at'

2023/09/17 16:42:07 C:/Code/Go/src/filicat/jassue-gin-try/bootstrap/db.go:119
[0.000ms] [rows:-] SELECT DATABASE()

2023/09/17 16:42:07 C:/Code/Go/src/filicat/jassue-gin-try/bootstrap/db.go:119
[0.588ms] [rows:1] SELECT SCHEMA_NAME from Information_schema.SCHEMATA where SCHEMA_NAME LIKE 'jassue-gin%' ORDER BY SCHEMA_NAME='jassue-gin' DESC,SCHEMA_NAME limit 1

2023/09/17 16:42:07 C:/Code/Go/src/filicat/jassue-gin-try/bootstrap/db.go:119
[0.504ms] [rows:-] SELECT count(*) FROM information_schema.tables WHERE table_schema = 'jassue-gin' AND table_name = 'users' AND table_type = 'BASE TABLE'

2023/09/17 16:42:07 C:/Code/Go/src/filicat/jassue-gin-try/bootstrap/db.go:119
[0.000ms] [rows:-] SELECT DATABASE()

2023/09/17 16:42:07 C:/Code/Go/src/filicat/jassue-gin-try/bootstrap/db.go:119
[0.000ms] [rows:1] SELECT SCHEMA_NAME from Information_schema.SCHEMATA where SCHEMA_NAME LIKE 'jassue-gin%' ORDER BY SCHEMA_NAME='jassue-gin' DESC,SCHEMA_NAME limit 1

2023/09/17 16:42:07 C:/Code/Go/src/filicat/jassue-gin-try/bootstrap/db.go:119
[0.000ms] [rows:-] SELECT * FROM `users` LIMIT 1

2023/09/17 16:42:07 C:/Code/Go/src/filicat/jassue-gin-try/bootstrap/db.go:119
[0.722ms] [rows:-] SELECT column_name, column_default, is_nullable = 'YES', data_type, character_maximum_length, column_type, column_key, extra, column_comment, numeric_precision, numeric_scale , datetime_precision FROM information_schema.columns WHERE table_schema = 'jassue-gin' AND table_name = 'users' ORDER BY ORDINAL_POSITION

2023/09/17 16:42:07 C:/Code/Go/src/filicat/jassue-gin-try/bootstrap/db.go:119
[0.504ms] [rows:-] SELECT DATABASE()

2023/09/17 16:42:07 C:/Code/Go/src/filicat/jassue-gin-try/bootstrap/db.go:119
[0.000ms] [rows:1] SELECT SCHEMA_NAME from Information_schema.SCHEMATA where SCHEMA_NAME LIKE 'jassue-gin%' ORDER BY SCHEMA_NAME='jassue-gin' DESC,SCHEMA_NAME limit 1

2023/09/17 16:42:07 C:/Code/Go/src/filicat/jassue-gin-try/bootstrap/db.go:119
[0.607ms] [rows:-] SELECT count(*) FROM information_schema.statistics WHERE table_schema = 'jassue-gin' AND table_name = 'users' AND index_name = 'idx_users_mobile'

2023/09/17 16:42:07 C:/Code/Go/src/filicat/jassue-gin-try/bootstrap/db.go:119
[0.000ms] [rows:-] SELECT DATABASE()

2023/09/17 16:42:07 C:/Code/Go/src/filicat/jassue-gin-try/bootstrap/db.go:119
[0.503ms] [rows:1] SELECT SCHEMA_NAME from Information_schema.SCHEMATA where SCHEMA_NAME LIKE 'jassue-gin%' ORDER BY SCHEMA_NAME='jassue-gin' DESC,SCHEMA_NAME limit 1

2023/09/17 16:42:07 C:/Code/Go/src/filicat/jassue-gin-try/bootstrap/db.go:119
[0.000ms] [rows:-] SELECT count(*) FROM information_schema.statistics WHERE table_schema = 'jassue-gin' AND table_name = 'users' AND index_name = 'idx_users_deleted_at'

2023/09/17 16:42:24 C:/Code/Go/src/filicat/jassue-gin-try/bootstrap/db.go:119
[0.000ms] [rows:-] SELECT DATABASE()

2023/09/17 16:42:24 C:/Code/Go/src/filicat/jassue-gin-try/bootstrap/db.go:119
[0.628ms] [rows:1] SELECT SCHEMA_NAME from Information_schema.SCHEMATA where SCHEMA_NAME LIKE 'jassue-gin%' ORDER BY SCHEMA_NAME='jassue-gin' DESC,SCHEMA_NAME limit 1

2023/09/17 16:42:24 C:/Code/Go/src/filicat/jassue-gin-try/bootstrap/db.go:119
[0.502ms] [rows:-] SELECT count(*) FROM information_schema.tables WHERE table_schema = 'jassue-gin' AND table_name = 'users' AND table_type = 'BASE TABLE'

2023/09/17 16:42:24 C:/Code/Go/src/filicat/jassue-gin-try/bootstrap/db.go:119
[0.174ms] [rows:-] SELECT DATABASE()

2023/09/17 16:42:24 C:/Code/Go/src/filicat/jassue-gin-try/bootstrap/db.go:119
[0.000ms] [rows:1] SELECT SCHEMA_NAME from Information_schema.SCHEMATA where SCHEMA_NAME LIKE 'jassue-gin%' ORDER BY SCHEMA_NAME='jassue-gin' DESC,SCHEMA_NAME limit 1

2023/09/17 16:42:24 C:/Code/Go/src/filicat/jassue-gin-try/bootstrap/db.go:119
[0.000ms] [rows:-] SELECT * FROM `users` LIMIT 1

2023/09/17 16:42:24 C:/Code/Go/src/filicat/jassue-gin-try/bootstrap/db.go:119
[0.780ms] [rows:-] SELECT column_name, column_default, is_nullable = 'YES', data_type, character_maximum_length, column_type, column_key, extra, column_comment, numeric_precision, numeric_scale , datetime_precision FROM information_schema.columns WHERE table_schema = 'jassue-gin' AND table_name = 'users' ORDER BY ORDINAL_POSITION

2023/09/17 16:42:24 C:/Code/Go/src/filicat/jassue-gin-try/bootstrap/db.go:119
[0.000ms] [rows:-] SELECT DATABASE()

2023/09/17 16:42:24 C:/Code/Go/src/filicat/jassue-gin-try/bootstrap/db.go:119
[0.198ms] [rows:1] SELECT SCHEMA_NAME from Information_schema.SCHEMATA where SCHEMA_NAME LIKE 'jassue-gin%' ORDER BY SCHEMA_NAME='jassue-gin' DESC,SCHEMA_NAME limit 1

2023/09/17 16:42:24 C:/Code/Go/src/filicat/jassue-gin-try/bootstrap/db.go:119
[0.504ms] [rows:-] SELECT count(*) FROM information_schema.statistics WHERE table_schema = 'jassue-gin' AND table_name = 'users' AND index_name = 'idx_users_mobile'

2023/09/17 16:42:24 C:/Code/Go/src/filicat/jassue-gin-try/bootstrap/db.go:119
[0.000ms] [rows:-] SELECT DATABASE()

2023/09/17 16:42:24 C:/Code/Go/src/filicat/jassue-gin-try/bootstrap/db.go:119
[0.000ms] [rows:1] SELECT SCHEMA_NAME from Information_schema.SCHEMATA where SCHEMA_NAME LIKE 'jassue-gin%' ORDER BY SCHEMA_NAME='jassue-gin' DESC,SCHEMA_NAME limit 1

2023/09/17 16:42:24 C:/Code/Go/src/filicat/jassue-gin-try/bootstrap/db.go:119
[0.644ms] [rows:-] SELECT count(*) FROM information_schema.statistics WHERE table_schema = 'jassue-gin' AND table_name = 'users' AND index_name = 'idx_users_deleted_at'

2023/09/17 16:43:18 C:/Code/Go/src/filicat/jassue-gin-try/bootstrap/db.go:119
[0.000ms] [rows:-] SELECT DATABASE()

2023/09/17 16:43:18 C:/Code/Go/src/filicat/jassue-gin-try/bootstrap/db.go:119
[0.692ms] [rows:1] SELECT SCHEMA_NAME from Information_schema.SCHEMATA where SCHEMA_NAME LIKE 'jassue-gin%' ORDER BY SCHEMA_NAME='jassue-gin' DESC,SCHEMA_NAME limit 1

2023/09/17 16:43:18 C:/Code/Go/src/filicat/jassue-gin-try/bootstrap/db.go:119
[0.629ms] [rows:-] SELECT count(*) FROM information_schema.tables WHERE table_schema = 'jassue-gin' AND table_name = 'users' AND table_type = 'BASE TABLE'

2023/09/17 16:43:18 C:/Code/Go/src/filicat/jassue-gin-try/bootstrap/db.go:119
[0.000ms] [rows:-] SELECT DATABASE()

2023/09/17 16:43:18 C:/Code/Go/src/filicat/jassue-gin-try/bootstrap/db.go:119
[0.504ms] [rows:1] SELECT SCHEMA_NAME from Information_schema.SCHEMATA where SCHEMA_NAME LIKE 'jassue-gin%' ORDER BY SCHEMA_NAME='jassue-gin' DESC,SCHEMA_NAME limit 1

2023/09/17 16:43:18 C:/Code/Go/src/filicat/jassue-gin-try/bootstrap/db.go:119
[0.000ms] [rows:-] SELECT * FROM `users` LIMIT 1

2023/09/17 16:43:18 C:/Code/Go/src/filicat/jassue-gin-try/bootstrap/db.go:119
[0.619ms] [rows:-] SELECT column_name, column_default, is_nullable = 'YES', data_type, character_maximum_length, column_type, column_key, extra, column_comment, numeric_precision, numeric_scale , datetime_precision FROM information_schema.columns WHERE table_schema = 'jassue-gin' AND table_name = 'users' ORDER BY ORDINAL_POSITION

2023/09/17 16:43:18 C:/Code/Go/src/filicat/jassue-gin-try/bootstrap/db.go:119
[0.502ms] [rows:-] SELECT DATABASE()

2023/09/17 16:43:18 C:/Code/Go/src/filicat/jassue-gin-try/bootstrap/db.go:119
[0.127ms] [rows:1] SELECT SCHEMA_NAME from Information_schema.SCHEMATA where SCHEMA_NAME LIKE 'jassue-gin%' ORDER BY SCHEMA_NAME='jassue-gin' DESC,SCHEMA_NAME limit 1

2023/09/17 16:43:18 C:/Code/Go/src/filicat/jassue-gin-try/bootstrap/db.go:119
[0.526ms] [rows:-] SELECT count(*) FROM information_schema.statistics WHERE table_schema = 'jassue-gin' AND table_name = 'users' AND index_name = 'idx_users_mobile'

2023/09/17 16:43:18 C:/Code/Go/src/filicat/jassue-gin-try/bootstrap/db.go:119
[0.000ms] [rows:-] SELECT DATABASE()

2023/09/17 16:43:18 C:/Code/Go/src/filicat/jassue-gin-try/bootstrap/db.go:119
[0.000ms] [rows:1] SELECT SCHEMA_NAME from Information_schema.SCHEMATA where SCHEMA_NAME LIKE 'jassue-gin%' ORDER BY SCHEMA_NAME='jassue-gin' DESC,SCHEMA_NAME limit 1

2023/09/17 16:43:18 C:/Code/Go/src/filicat/jassue-gin-try/bootstrap/db.go:119
[0.733ms] [rows:-] SELECT count(*) FROM information_schema.statistics WHERE table_schema = 'jassue-gin' AND table_name = 'users' AND index_name = 'idx_users_deleted_at'

2023/09/17 17:36:32 C:/Code/Go/src/filicat/jassue-gin-try/bootstrap/db.go:119
[0.000ms] [rows:-] SELECT DATABASE()

2023/09/17 17:36:32 C:/Code/Go/src/filicat/jassue-gin-try/bootstrap/db.go:119
[0.765ms] [rows:1] SELECT SCHEMA_NAME from Information_schema.SCHEMATA where SCHEMA_NAME LIKE 'jassue-gin%' ORDER BY SCHEMA_NAME='jassue-gin' DESC,SCHEMA_NAME limit 1

2023/09/17 17:36:32 C:/Code/Go/src/filicat/jassue-gin-try/bootstrap/db.go:119
[0.666ms] [rows:-] SELECT count(*) FROM information_schema.tables WHERE table_schema = 'jassue-gin' AND table_name = 'users' AND table_type = 'BASE TABLE'

2023/09/17 17:36:32 C:/Code/Go/src/filicat/jassue-gin-try/bootstrap/db.go:119
[0.000ms] [rows:-] SELECT DATABASE()

2023/09/17 17:36:32 C:/Code/Go/src/filicat/jassue-gin-try/bootstrap/db.go:119
[0.523ms] [rows:1] SELECT SCHEMA_NAME from Information_schema.SCHEMATA where SCHEMA_NAME LIKE 'jassue-gin%' ORDER BY SCHEMA_NAME='jassue-gin' DESC,SCHEMA_NAME limit 1

2023/09/17 17:36:32 C:/Code/Go/src/filicat/jassue-gin-try/bootstrap/db.go:119
[0.000ms] [rows:-] SELECT * FROM `users` LIMIT 1

2023/09/17 17:36:32 C:/Code/Go/src/filicat/jassue-gin-try/bootstrap/db.go:119
[0.524ms] [rows:-] SELECT column_name, column_default, is_nullable = 'YES', data_type, character_maximum_length, column_type, column_key, extra, column_comment, numeric_precision, numeric_scale , datetime_precision FROM information_schema.columns WHERE table_schema = 'jassue-gin' AND table_name = 'users' ORDER BY ORDINAL_POSITION

2023/09/17 17:36:32 C:/Code/Go/src/filicat/jassue-gin-try/bootstrap/db.go:119
[0.000ms] [rows:-] SELECT DATABASE()

2023/09/17 17:36:32 C:/Code/Go/src/filicat/jassue-gin-try/bootstrap/db.go:119
[0.502ms] [rows:1] SELECT SCHEMA_NAME from Information_schema.SCHEMATA where SCHEMA_NAME LIKE 'jassue-gin%' ORDER BY SCHEMA_NAME='jassue-gin' DESC,SCHEMA_NAME limit 1

2023/09/17 17:36:32 C:/Code/Go/src/filicat/jassue-gin-try/bootstrap/db.go:119
[0.000ms] [rows:-] SELECT count(*) FROM information_schema.statistics WHERE table_schema = 'jassue-gin' AND table_name = 'users' AND index_name = 'idx_users_mobile'

2023/09/17 17:36:32 C:/Code/Go/src/filicat/jassue-gin-try/bootstrap/db.go:119
[0.512ms] [rows:-] SELECT DATABASE()

2023/09/17 17:36:32 C:/Code/Go/src/filicat/jassue-gin-try/bootstrap/db.go:119
[0.082ms] [rows:1] SELECT SCHEMA_NAME from Information_schema.SCHEMATA where SCHEMA_NAME LIKE 'jassue-gin%' ORDER BY SCHEMA_NAME='jassue-gin' DESC,SCHEMA_NAME limit 1

2023/09/17 17:36:32 C:/Code/Go/src/filicat/jassue-gin-try/bootstrap/db.go:119
[0.522ms] [rows:-] SELECT count(*) FROM information_schema.statistics WHERE table_schema = 'jassue-gin' AND table_name = 'users' AND index_name = 'idx_users_deleted_at'

2023/09/17 17:37:41 C:/Code/Go/src/filicat/jassue-gin-try/app/services/user.go:18 record not found
[0.754ms] [rows:0] SELECT `id` FROM `users` WHERE mobile = '13422757707' AND `users`.`deleted_at` IS NULL ORDER BY `users`.`id` LIMIT 1

2023/09/17 17:37:41 C:/Code/Go/src/filicat/jassue-gin-try/app/services/user.go:28
[2.200ms] [rows:1] INSERT INTO `users` (`name`,`mobile`,`password`,`created_at`,`updated_at`,`deleted_at`) VALUES ('filicat','13422757707','$2a$04$TztPXAJYuO.6EQgoFqwr0ueUU.ITVI0ubE/RpbIR.KssyJbk2y.ka','2023-09-17 17:37:41.687','2023-09-17 17:37:41.687',NULL)

2023/09/17 17:39:09 C:/Code/Go/src/filicat/jassue-gin-try/bootstrap/db.go:119
[0.000ms] [rows:-] SELECT DATABASE()

2023/09/17 17:39:09 C:/Code/Go/src/filicat/jassue-gin-try/bootstrap/db.go:119
[0.752ms] [rows:1] SELECT SCHEMA_NAME from Information_schema.SCHEMATA where SCHEMA_NAME LIKE 'jassue-gin%' ORDER BY SCHEMA_NAME='jassue-gin' DESC,SCHEMA_NAME limit 1

2023/09/17 17:39:09 C:/Code/Go/src/filicat/jassue-gin-try/bootstrap/db.go:119
[0.715ms] [rows:-] SELECT count(*) FROM information_schema.tables WHERE table_schema = 'jassue-gin' AND table_name = 'users' AND table_type = 'BASE TABLE'

2023/09/17 17:39:09 C:/Code/Go/src/filicat/jassue-gin-try/bootstrap/db.go:119
[0.000ms] [rows:-] SELECT DATABASE()

2023/09/17 17:39:09 C:/Code/Go/src/filicat/jassue-gin-try/bootstrap/db.go:119
[0.505ms] [rows:1] SELECT SCHEMA_NAME from Information_schema.SCHEMATA where SCHEMA_NAME LIKE 'jassue-gin%' ORDER BY SCHEMA_NAME='jassue-gin' DESC,SCHEMA_NAME limit 1

2023/09/17 17:39:09 C:/Code/Go/src/filicat/jassue-gin-try/bootstrap/db.go:119
[0.000ms] [rows:-] SELECT * FROM `users` LIMIT 1

2023/09/17 17:39:09 C:/Code/Go/src/filicat/jassue-gin-try/bootstrap/db.go:119
[0.537ms] [rows:-] SELECT column_name, column_default, is_nullable = 'YES', data_type, character_maximum_length, column_type, column_key, extra, column_comment, numeric_precision, numeric_scale , datetime_precision FROM information_schema.columns WHERE table_schema = 'jassue-gin' AND table_name = 'users' ORDER BY ORDINAL_POSITION

2023/09/17 17:39:09 C:/Code/Go/src/filicat/jassue-gin-try/bootstrap/db.go:119
[0.000ms] [rows:-] SELECT DATABASE()

2023/09/17 17:39:09 C:/Code/Go/src/filicat/jassue-gin-try/bootstrap/db.go:119
[0.647ms] [rows:1] SELECT SCHEMA_NAME from Information_schema.SCHEMATA where SCHEMA_NAME LIKE 'jassue-gin%' ORDER BY SCHEMA_NAME='jassue-gin' DESC,SCHEMA_NAME limit 1

2023/09/17 17:39:09 C:/Code/Go/src/filicat/jassue-gin-try/bootstrap/db.go:119
[0.503ms] [rows:-] SELECT count(*) FROM information_schema.statistics WHERE table_schema = 'jassue-gin' AND table_name = 'users' AND index_name = 'idx_users_mobile'

2023/09/17 17:39:09 C:/Code/Go/src/filicat/jassue-gin-try/bootstrap/db.go:119
[0.000ms] [rows:-] SELECT DATABASE()

2023/09/17 17:39:09 C:/Code/Go/src/filicat/jassue-gin-try/bootstrap/db.go:119
[0.000ms] [rows:1] SELECT SCHEMA_NAME from Information_schema.SCHEMATA where SCHEMA_NAME LIKE 'jassue-gin%' ORDER BY SCHEMA_NAME='jassue-gin' DESC,SCHEMA_NAME limit 1

2023/09/17 17:39:09 C:/Code/Go/src/filicat/jassue-gin-try/bootstrap/db.go:119
[0.606ms] [rows:-] SELECT count(*) FROM information_schema.statistics WHERE table_schema = 'jassue-gin' AND table_name = 'users' AND index_name = 'idx_users_deleted_at'

2023/09/17 17:39:59 C:/Code/Go/src/filicat/jassue-gin-try/app/services/user.go:18
[0.515ms] [rows:1] SELECT `id` FROM `users` WHERE mobile = '13422757707' AND `users`.`deleted_at` IS NULL ORDER BY `users`.`id` LIMIT 1

2023/09/17 17:40:15 C:/Code/Go/src/filicat/jassue-gin-try/app/services/user.go:18 record not found
[1.210ms] [rows:0] SELECT `id` FROM `users` WHERE mobile = '13422757706' AND `users`.`deleted_at` IS NULL ORDER BY `users`.`id` LIMIT 1

2023/09/17 17:40:15 C:/Code/Go/src/filicat/jassue-gin-try/app/services/user.go:28
[4.073ms] [rows:1] INSERT INTO `users` (`name`,`mobile`,`password`,`created_at`,`updated_at`,`deleted_at`) VALUES ('Filicat','13422757706','$2a$04$962f9XJKg7JYOIY1l6T/NOqF1r9TiLLKvYRK/G3YNvJn1YU3OeRXy','2023-09-17 17:40:15.977','2023-09-17 17:40:15.977',NULL)

2023/09/17 19:37:33 C:/Code/Go/src/filicat/jassue-gin-try/bootstrap/db.go:119
[0.000ms] [rows:-] SELECT DATABASE()

2023/09/17 19:37:33 C:/Code/Go/src/filicat/jassue-gin-try/bootstrap/db.go:119
[0.629ms] [rows:1] SELECT SCHEMA_NAME from Information_schema.SCHEMATA where SCHEMA_NAME LIKE 'jassue-gin%' ORDER BY SCHEMA_NAME='jassue-gin' DESC,SCHEMA_NAME limit 1

2023/09/17 19:37:33 C:/Code/Go/src/filicat/jassue-gin-try/bootstrap/db.go:119
[0.807ms] [rows:-] SELECT count(*) FROM information_schema.tables WHERE table_schema = 'jassue-gin' AND table_name = 'users' AND table_type = 'BASE TABLE'

2023/09/17 19:37:33 C:/Code/Go/src/filicat/jassue-gin-try/bootstrap/db.go:119
[0.000ms] [rows:-] SELECT DATABASE()

2023/09/17 19:37:33 C:/Code/Go/src/filicat/jassue-gin-try/bootstrap/db.go:119
[0.632ms] [rows:1] SELECT SCHEMA_NAME from Information_schema.SCHEMATA where SCHEMA_NAME LIKE 'jassue-gin%' ORDER BY SCHEMA_NAME='jassue-gin' DESC,SCHEMA_NAME limit 1

2023/09/17 19:37:33 C:/Code/Go/src/filicat/jassue-gin-try/bootstrap/db.go:119
[0.000ms] [rows:-] SELECT * FROM `users` LIMIT 1

2023/09/17 19:37:33 C:/Code/Go/src/filicat/jassue-gin-try/bootstrap/db.go:119
[0.592ms] [rows:-] SELECT column_name, column_default, is_nullable = 'YES', data_type, character_maximum_length, column_type, column_key, extra, column_comment, numeric_precision, numeric_scale , datetime_precision FROM information_schema.columns WHERE table_schema = 'jassue-gin' AND table_name = 'users' ORDER BY ORDINAL_POSITION

2023/09/17 19:37:33 C:/Code/Go/src/filicat/jassue-gin-try/bootstrap/db.go:119
[0.000ms] [rows:-] SELECT DATABASE()

2023/09/17 19:37:33 C:/Code/Go/src/filicat/jassue-gin-try/bootstrap/db.go:119
[0.597ms] [rows:1] SELECT SCHEMA_NAME from Information_schema.SCHEMATA where SCHEMA_NAME LIKE 'jassue-gin%' ORDER BY SCHEMA_NAME='jassue-gin' DESC,SCHEMA_NAME limit 1

2023/09/17 19:37:33 C:/Code/Go/src/filicat/jassue-gin-try/bootstrap/db.go:119
[0.503ms] [rows:-] SELECT count(*) FROM information_schema.statistics WHERE table_schema = 'jassue-gin' AND table_name = 'users' AND index_name = 'idx_users_mobile'

2023/09/17 19:37:33 C:/Code/Go/src/filicat/jassue-gin-try/bootstrap/db.go:119
[0.000ms] [rows:-] SELECT DATABASE()

2023/09/17 19:37:33 C:/Code/Go/src/filicat/jassue-gin-try/bootstrap/db.go:119
[0.000ms] [rows:1] SELECT SCHEMA_NAME from Information_schema.SCHEMATA where SCHEMA_NAME LIKE 'jassue-gin%' ORDER BY SCHEMA_NAME='jassue-gin' DESC,SCHEMA_NAME limit 1

2023/09/17 19:37:33 C:/Code/Go/src/filicat/jassue-gin-try/bootstrap/db.go:119
[0.623ms] [rows:-] SELECT count(*) FROM information_schema.statistics WHERE table_schema = 'jassue-gin' AND table_name = 'users' AND index_name = 'idx_users_deleted_at'

2023/09/17 19:38:41 C:/Code/Go/src/filicat/jassue-gin-try/app/services/user.go:34 record not found
[1.200ms] [rows:0] SELECT * FROM `users` WHERE mobile = '15521071289' AND `users`.`deleted_at` IS NULL ORDER BY `users`.`id` LIMIT 1

2023/09/17 19:39:00 C:/Code/Go/src/filicat/jassue-gin-try/app/services/user.go:34
[0.000ms] [rows:1] SELECT * FROM `users` WHERE mobile = '13422757707' AND `users`.`deleted_at` IS NULL ORDER BY `users`.`id` LIMIT 1

2023/09/17 19:39:04 C:/Code/Go/src/filicat/jassue-gin-try/app/services/user.go:34
[0.000ms] [rows:1] SELECT * FROM `users` WHERE mobile = '13422757707' AND `users`.`deleted_at` IS NULL ORDER BY `users`.`id` LIMIT 1

2023/09/17 20:17:02 C:/Code/Go/src/filicat/jassue-gin-try/app/services/user.go:34
[1.033ms] [rows:1] SELECT * FROM `users` WHERE mobile = '13422757707' AND `users`.`deleted_at` IS NULL ORDER BY `users`.`id` LIMIT 1

2023/09/17 20:19:45 C:/Code/Go/src/filicat/jassue-gin-try/bootstrap/db.go:119
[0.220ms] [rows:-] SELECT DATABASE()

2023/09/17 20:19:45 C:/Code/Go/src/filicat/jassue-gin-try/bootstrap/db.go:119
[0.596ms] [rows:1] SELECT SCHEMA_NAME from Information_schema.SCHEMATA where SCHEMA_NAME LIKE 'jassue-gin%' ORDER BY SCHEMA_NAME='jassue-gin' DESC,SCHEMA_NAME limit 1

2023/09/17 20:19:45 C:/Code/Go/src/filicat/jassue-gin-try/bootstrap/db.go:119
[0.591ms] [rows:-] SELECT count(*) FROM information_schema.tables WHERE table_schema = 'jassue-gin' AND table_name = 'users' AND table_type = 'BASE TABLE'

2023/09/17 20:19:45 C:/Code/Go/src/filicat/jassue-gin-try/bootstrap/db.go:119
[0.000ms] [rows:-] SELECT DATABASE()

2023/09/17 20:19:45 C:/Code/Go/src/filicat/jassue-gin-try/bootstrap/db.go:119
[0.584ms] [rows:1] SELECT SCHEMA_NAME from Information_schema.SCHEMATA where SCHEMA_NAME LIKE 'jassue-gin%' ORDER BY SCHEMA_NAME='jassue-gin' DESC,SCHEMA_NAME limit 1

2023/09/17 20:19:45 C:/Code/Go/src/filicat/jassue-gin-try/bootstrap/db.go:119
[0.000ms] [rows:-] SELECT * FROM `users` LIMIT 1

2023/09/17 20:19:45 C:/Code/Go/src/filicat/jassue-gin-try/bootstrap/db.go:119
[0.505ms] [rows:-] SELECT column_name, column_default, is_nullable = 'YES', data_type, character_maximum_length, column_type, column_key, extra, column_comment, numeric_precision, numeric_scale , datetime_precision FROM information_schema.columns WHERE table_schema = 'jassue-gin' AND table_name = 'users' ORDER BY ORDINAL_POSITION

2023/09/17 20:19:45 C:/Code/Go/src/filicat/jassue-gin-try/bootstrap/db.go:119
[0.000ms] [rows:-] SELECT DATABASE()

2023/09/17 20:19:45 C:/Code/Go/src/filicat/jassue-gin-try/bootstrap/db.go:119
[0.000ms] [rows:1] SELECT SCHEMA_NAME from Information_schema.SCHEMATA where SCHEMA_NAME LIKE 'jassue-gin%' ORDER BY SCHEMA_NAME='jassue-gin' DESC,SCHEMA_NAME limit 1

2023/09/17 20:19:45 C:/Code/Go/src/filicat/jassue-gin-try/bootstrap/db.go:119
[0.698ms] [rows:-] SELECT count(*) FROM information_schema.statistics WHERE table_schema = 'jassue-gin' AND table_name = 'users' AND index_name = 'idx_users_mobile'

2023/09/17 20:19:45 C:/Code/Go/src/filicat/jassue-gin-try/bootstrap/db.go:119
[0.000ms] [rows:-] SELECT DATABASE()

2023/09/17 20:19:45 C:/Code/Go/src/filicat/jassue-gin-try/bootstrap/db.go:119
[0.000ms] [rows:1] SELECT SCHEMA_NAME from Information_schema.SCHEMATA where SCHEMA_NAME LIKE 'jassue-gin%' ORDER BY SCHEMA_NAME='jassue-gin' DESC,SCHEMA_NAME limit 1

2023/09/17 20:19:45 C:/Code/Go/src/filicat/jassue-gin-try/bootstrap/db.go:119
[0.211ms] [rows:-] SELECT count(*) FROM information_schema.statistics WHERE table_schema = 'jassue-gin' AND table_name = 'users' AND index_name = 'idx_users_deleted_at'

2023/09/17 20:19:50 C:/Code/Go/src/filicat/jassue-gin-try/app/services/user.go:34
[0.000ms] [rows:1] SELECT * FROM `users` WHERE mobile = '13422757707' AND `users`.`deleted_at` IS NULL ORDER BY `users`.`id` LIMIT 1

2023/09/17 20:22:12 C:/Code/Go/src/filicat/jassue-gin-try/bootstrap/db.go:119
[0.000ms] [rows:-] SELECT DATABASE()

2023/09/17 20:22:12 C:/Code/Go/src/filicat/jassue-gin-try/bootstrap/db.go:119
[0.739ms] [rows:1] SELECT SCHEMA_NAME from Information_schema.SCHEMATA where SCHEMA_NAME LIKE 'jassue-gin%' ORDER BY SCHEMA_NAME='jassue-gin' DESC,SCHEMA_NAME limit 1

2023/09/17 20:22:12 C:/Code/Go/src/filicat/jassue-gin-try/bootstrap/db.go:119
[0.642ms] [rows:-] SELECT count(*) FROM information_schema.tables WHERE table_schema = 'jassue-gin' AND table_name = 'users' AND table_type = 'BASE TABLE'

2023/09/17 20:22:12 C:/Code/Go/src/filicat/jassue-gin-try/bootstrap/db.go:119
[0.000ms] [rows:-] SELECT DATABASE()

2023/09/17 20:22:12 C:/Code/Go/src/filicat/jassue-gin-try/bootstrap/db.go:119
[0.568ms] [rows:1] SELECT SCHEMA_NAME from Information_schema.SCHEMATA where SCHEMA_NAME LIKE 'jassue-gin%' ORDER BY SCHEMA_NAME='jassue-gin' DESC,SCHEMA_NAME limit 1

2023/09/17 20:22:12 C:/Code/Go/src/filicat/jassue-gin-try/bootstrap/db.go:119
[0.000ms] [rows:-] SELECT * FROM `users` LIMIT 1

2023/09/17 20:22:12 C:/Code/Go/src/filicat/jassue-gin-try/bootstrap/db.go:119
[0.643ms] [rows:-] SELECT column_name, column_default, is_nullable = 'YES', data_type, character_maximum_length, column_type, column_key, extra, column_comment, numeric_precision, numeric_scale , datetime_precision FROM information_schema.columns WHERE table_schema = 'jassue-gin' AND table_name = 'users' ORDER BY ORDINAL_POSITION

2023/09/17 20:22:12 C:/Code/Go/src/filicat/jassue-gin-try/bootstrap/db.go:119
[0.000ms] [rows:-] SELECT DATABASE()

2023/09/17 20:22:12 C:/Code/Go/src/filicat/jassue-gin-try/bootstrap/db.go:119
[0.000ms] [rows:1] SELECT SCHEMA_NAME from Information_schema.SCHEMATA where SCHEMA_NAME LIKE 'jassue-gin%' ORDER BY SCHEMA_NAME='jassue-gin' DESC,SCHEMA_NAME limit 1

2023/09/17 20:22:12 C:/Code/Go/src/filicat/jassue-gin-try/bootstrap/db.go:119
[0.617ms] [rows:-] SELECT count(*) FROM information_schema.statistics WHERE table_schema = 'jassue-gin' AND table_name = 'users' AND index_name = 'idx_users_mobile'

2023/09/17 20:22:12 C:/Code/Go/src/filicat/jassue-gin-try/bootstrap/db.go:119
[0.000ms] [rows:-] SELECT DATABASE()

2023/09/17 20:22:12 C:/Code/Go/src/filicat/jassue-gin-try/bootstrap/db.go:119
[0.000ms] [rows:1] SELECT SCHEMA_NAME from Information_schema.SCHEMATA where SCHEMA_NAME LIKE 'jassue-gin%' ORDER BY SCHEMA_NAME='jassue-gin' DESC,SCHEMA_NAME limit 1

2023/09/17 20:22:12 C:/Code/Go/src/filicat/jassue-gin-try/bootstrap/db.go:119
[0.688ms] [rows:-] SELECT count(*) FROM information_schema.statistics WHERE table_schema = 'jassue-gin' AND table_name = 'users' AND index_name = 'idx_users_deleted_at'

2023/09/17 20:22:20 C:/Code/Go/src/filicat/jassue-gin-try/app/services/user.go:34
[0.000ms] [rows:1] SELECT * FROM `users` WHERE mobile = '13422757707' AND `users`.`deleted_at` IS NULL ORDER BY `users`.`id` LIMIT 1

2023/09/17 20:54:29 C:/Code/Go/src/filicat/jassue-gin-try/bootstrap/db.go:119
[0.000ms] [rows:-] SELECT DATABASE()

2023/09/17 20:54:29 C:/Code/Go/src/filicat/jassue-gin-try/bootstrap/db.go:119
[0.699ms] [rows:1] SELECT SCHEMA_NAME from Information_schema.SCHEMATA where SCHEMA_NAME LIKE 'jassue-gin%' ORDER BY SCHEMA_NAME='jassue-gin' DESC,SCHEMA_NAME limit 1

2023/09/17 20:54:29 C:/Code/Go/src/filicat/jassue-gin-try/bootstrap/db.go:119
[0.617ms] [rows:-] SELECT count(*) FROM information_schema.tables WHERE table_schema = 'jassue-gin' AND table_name = 'users' AND table_type = 'BASE TABLE'

2023/09/17 20:54:29 C:/Code/Go/src/filicat/jassue-gin-try/bootstrap/db.go:119
[0.000ms] [rows:-] SELECT DATABASE()

2023/09/17 20:54:29 C:/Code/Go/src/filicat/jassue-gin-try/bootstrap/db.go:119
[0.658ms] [rows:1] SELECT SCHEMA_NAME from Information_schema.SCHEMATA where SCHEMA_NAME LIKE 'jassue-gin%' ORDER BY SCHEMA_NAME='jassue-gin' DESC,SCHEMA_NAME limit 1

2023/09/17 20:54:29 C:/Code/Go/src/filicat/jassue-gin-try/bootstrap/db.go:119
[0.000ms] [rows:-] SELECT * FROM `users` LIMIT 1

2023/09/17 20:54:29 C:/Code/Go/src/filicat/jassue-gin-try/bootstrap/db.go:119
[0.525ms] [rows:-] SELECT column_name, column_default, is_nullable = 'YES', data_type, character_maximum_length, column_type, column_key, extra, column_comment, numeric_precision, numeric_scale , datetime_precision FROM information_schema.columns WHERE table_schema = 'jassue-gin' AND table_name = 'users' ORDER BY ORDINAL_POSITION

2023/09/17 20:54:29 C:/Code/Go/src/filicat/jassue-gin-try/bootstrap/db.go:119
[0.000ms] [rows:-] SELECT DATABASE()

2023/09/17 20:54:29 C:/Code/Go/src/filicat/jassue-gin-try/bootstrap/db.go:119
[0.000ms] [rows:1] SELECT SCHEMA_NAME from Information_schema.SCHEMATA where SCHEMA_NAME LIKE 'jassue-gin%' ORDER BY SCHEMA_NAME='jassue-gin' DESC,SCHEMA_NAME limit 1

2023/09/17 20:54:29 C:/Code/Go/src/filicat/jassue-gin-try/bootstrap/db.go:119
[0.780ms] [rows:-] SELECT count(*) FROM information_schema.statistics WHERE table_schema = 'jassue-gin' AND table_name = 'users' AND index_name = 'idx_users_mobile'

2023/09/17 20:54:29 C:/Code/Go/src/filicat/jassue-gin-try/bootstrap/db.go:119
[0.000ms] [rows:-] SELECT DATABASE()

2023/09/17 20:54:29 C:/Code/Go/src/filicat/jassue-gin-try/bootstrap/db.go:119
[0.545ms] [rows:1] SELECT SCHEMA_NAME from Information_schema.SCHEMATA where SCHEMA_NAME LIKE 'jassue-gin%' ORDER BY SCHEMA_NAME='jassue-gin' DESC,SCHEMA_NAME limit 1

2023/09/17 20:54:29 C:/Code/Go/src/filicat/jassue-gin-try/bootstrap/db.go:119
[0.000ms] [rows:-] SELECT count(*) FROM information_schema.statistics WHERE table_schema = 'jassue-gin' AND table_name = 'users' AND index_name = 'idx_users_deleted_at'

2023/09/17 20:56:05 C:/Code/Go/src/filicat/jassue-gin-try/app/services/user.go:35
[0.530ms] [rows:1] SELECT * FROM `users` WHERE mobile = '13422757707' AND `users`.`deleted_at` IS NULL ORDER BY `users`.`id` LIMIT 1

2023/09/17 20:58:27 C:/Code/Go/src/filicat/jassue-gin-try/app/services/user.go:45
[0.524ms] [rows:1] SELECT * FROM `users` WHERE id = 1 AND `users`.`deleted_at` IS NULL ORDER BY `users`.`id` LIMIT 1

2023/09/17 23:13:30 C:/Code/Go/src/filicat/jassue-gin-try/app/services/user.go:45
[0.772ms] [rows:1] SELECT * FROM `users` WHERE id = 1 AND `users`.`deleted_at` IS NULL ORDER BY `users`.`id` LIMIT 1

2023/09/17 23:13:31 C:/Code/Go/src/filicat/jassue-gin-try/app/services/user.go:45
[0.431ms] [rows:1] SELECT * FROM `users` WHERE id = 1 AND `users`.`deleted_at` IS NULL ORDER BY `users`.`id` LIMIT 1

2023/09/17 23:14:54 C:/Code/Go/src/filicat/jassue-gin-try/bootstrap/db.go:119
[0.000ms] [rows:-] SELECT DATABASE()

2023/09/17 23:14:54 C:/Code/Go/src/filicat/jassue-gin-try/bootstrap/db.go:119
[0.593ms] [rows:1] SELECT SCHEMA_NAME from Information_schema.SCHEMATA where SCHEMA_NAME LIKE 'jassue-gin%' ORDER BY SCHEMA_NAME='jassue-gin' DESC,SCHEMA_NAME limit 1

2023/09/17 23:14:54 C:/Code/Go/src/filicat/jassue-gin-try/bootstrap/db.go:119
[0.502ms] [rows:-] SELECT count(*) FROM information_schema.tables WHERE table_schema = 'jassue-gin' AND table_name = 'users' AND table_type = 'BASE TABLE'

2023/09/17 23:14:54 C:/Code/Go/src/filicat/jassue-gin-try/bootstrap/db.go:119
[0.000ms] [rows:-] SELECT DATABASE()

2023/09/17 23:14:54 C:/Code/Go/src/filicat/jassue-gin-try/bootstrap/db.go:119
[0.000ms] [rows:1] SELECT SCHEMA_NAME from Information_schema.SCHEMATA where SCHEMA_NAME LIKE 'jassue-gin%' ORDER BY SCHEMA_NAME='jassue-gin' DESC,SCHEMA_NAME limit 1

2023/09/17 23:14:54 C:/Code/Go/src/filicat/jassue-gin-try/bootstrap/db.go:119
[0.000ms] [rows:-] SELECT * FROM `users` LIMIT 1

2023/09/17 23:14:54 C:/Code/Go/src/filicat/jassue-gin-try/bootstrap/db.go:119
[0.941ms] [rows:-] SELECT column_name, column_default, is_nullable = 'YES', data_type, character_maximum_length, column_type, column_key, extra, column_comment, numeric_precision, numeric_scale , datetime_precision FROM information_schema.columns WHERE table_schema = 'jassue-gin' AND table_name = 'users' ORDER BY ORDINAL_POSITION

2023/09/17 23:14:54 C:/Code/Go/src/filicat/jassue-gin-try/bootstrap/db.go:119
[0.000ms] [rows:-] SELECT DATABASE()

2023/09/17 23:14:54 C:/Code/Go/src/filicat/jassue-gin-try/bootstrap/db.go:119
[0.204ms] [rows:1] SELECT SCHEMA_NAME from Information_schema.SCHEMATA where SCHEMA_NAME LIKE 'jassue-gin%' ORDER BY SCHEMA_NAME='jassue-gin' DESC,SCHEMA_NAME limit 1

2023/09/17 23:14:54 C:/Code/Go/src/filicat/jassue-gin-try/bootstrap/db.go:119
[0.520ms] [rows:-] SELECT count(*) FROM information_schema.statistics WHERE table_schema = 'jassue-gin' AND table_name = 'users' AND index_name = 'idx_users_mobile'

2023/09/17 23:14:54 C:/Code/Go/src/filicat/jassue-gin-try/bootstrap/db.go:119
[0.000ms] [rows:-] SELECT DATABASE()

2023/09/17 23:14:54 C:/Code/Go/src/filicat/jassue-gin-try/bootstrap/db.go:119
[0.504ms] [rows:1] SELECT SCHEMA_NAME from Information_schema.SCHEMATA where SCHEMA_NAME LIKE 'jassue-gin%' ORDER BY SCHEMA_NAME='jassue-gin' DESC,SCHEMA_NAME limit 1

2023/09/17 23:14:54 C:/Code/Go/src/filicat/jassue-gin-try/bootstrap/db.go:119
[0.000ms] [rows:-] SELECT count(*) FROM information_schema.statistics WHERE table_schema = 'jassue-gin' AND table_name = 'users' AND index_name = 'idx_users_deleted_at'

2023/09/17 23:15:16 C:/Code/Go/src/filicat/jassue-gin-try/app/services/user.go:35
[1.338ms] [rows:1] SELECT * FROM `users` WHERE mobile = '13422757707' AND `users`.`deleted_at` IS NULL ORDER BY `users`.`id` LIMIT 1

2023/09/17 23:15:24 C:/Code/Go/src/filicat/jassue-gin-try/app/services/user.go:45
[0.503ms] [rows:1] SELECT * FROM `users` WHERE id = 1 AND `users`.`deleted_at` IS NULL ORDER BY `users`.`id` LIMIT 1

2023/09/18 00:43:36 C:/Code/Go/src/filicat/jassue-gin-try/bootstrap/db.go:119
[0.000ms] [rows:-] SELECT DATABASE()

2023/09/18 00:43:36 C:/Code/Go/src/filicat/jassue-gin-try/bootstrap/db.go:119
[0.777ms] [rows:1] SELECT SCHEMA_NAME from Information_schema.SCHEMATA where SCHEMA_NAME LIKE 'jassue-gin%' ORDER BY SCHEMA_NAME='jassue-gin' DESC,SCHEMA_NAME limit 1

2023/09/18 00:43:36 C:/Code/Go/src/filicat/jassue-gin-try/bootstrap/db.go:119
[0.657ms] [rows:-] SELECT count(*) FROM information_schema.tables WHERE table_schema = 'jassue-gin' AND table_name = 'users' AND table_type = 'BASE TABLE'

2023/09/18 00:43:36 C:/Code/Go/src/filicat/jassue-gin-try/bootstrap/db.go:119
[0.000ms] [rows:-] SELECT DATABASE()

2023/09/18 00:43:36 C:/Code/Go/src/filicat/jassue-gin-try/bootstrap/db.go:119
[0.503ms] [rows:1] SELECT SCHEMA_NAME from Information_schema.SCHEMATA where SCHEMA_NAME LIKE 'jassue-gin%' ORDER BY SCHEMA_NAME='jassue-gin' DESC,SCHEMA_NAME limit 1

2023/09/18 00:43:36 C:/Code/Go/src/filicat/jassue-gin-try/bootstrap/db.go:119
[0.000ms] [rows:-] SELECT * FROM `users` LIMIT 1

2023/09/18 00:43:36 C:/Code/Go/src/filicat/jassue-gin-try/bootstrap/db.go:119
[0.515ms] [rows:-] SELECT column_name, column_default, is_nullable = 'YES', data_type, character_maximum_length, column_type, column_key, extra, column_comment, numeric_precision, numeric_scale , datetime_precision FROM information_schema.columns WHERE table_schema = 'jassue-gin' AND table_name = 'users' ORDER BY ORDINAL_POSITION

2023/09/18 00:43:36 C:/Code/Go/src/filicat/jassue-gin-try/bootstrap/db.go:119
[0.000ms] [rows:-] SELECT DATABASE()

2023/09/18 00:43:36 C:/Code/Go/src/filicat/jassue-gin-try/bootstrap/db.go:119
[0.000ms] [rows:1] SELECT SCHEMA_NAME from Information_schema.SCHEMATA where SCHEMA_NAME LIKE 'jassue-gin%' ORDER BY SCHEMA_NAME='jassue-gin' DESC,SCHEMA_NAME limit 1

2023/09/18 00:43:36 C:/Code/Go/src/filicat/jassue-gin-try/bootstrap/db.go:119
[0.607ms] [rows:-] SELECT count(*) FROM information_schema.statistics WHERE table_schema = 'jassue-gin' AND table_name = 'users' AND index_name = 'idx_users_mobile'

2023/09/18 00:43:36 C:/Code/Go/src/filicat/jassue-gin-try/bootstrap/db.go:119
[0.000ms] [rows:-] SELECT DATABASE()

2023/09/18 00:43:36 C:/Code/Go/src/filicat/jassue-gin-try/bootstrap/db.go:119
[0.000ms] [rows:1] SELECT SCHEMA_NAME from Information_schema.SCHEMATA where SCHEMA_NAME LIKE 'jassue-gin%' ORDER BY SCHEMA_NAME='jassue-gin' DESC,SCHEMA_NAME limit 1

2023/09/18 00:43:36 C:/Code/Go/src/filicat/jassue-gin-try/bootstrap/db.go:119
[0.193ms] [rows:-] SELECT count(*) FROM information_schema.statistics WHERE table_schema = 'jassue-gin' AND table_name = 'users' AND index_name = 'idx_users_deleted_at'

2023/09/18 00:44:02 C:/Code/Go/src/filicat/jassue-gin-try/app/services/user.go:35
[1.027ms] [rows:1] SELECT * FROM `users` WHERE mobile = '13422757707' AND `users`.`deleted_at` IS NULL ORDER BY `users`.`id` LIMIT 1

2023/09/18 00:44:13 C:/Code/Go/src/filicat/jassue-gin-try/app/services/user.go:45
[0.632ms] [rows:1] SELECT * FROM `users` WHERE id = 1 AND `users`.`deleted_at` IS NULL ORDER BY `users`.`id` LIMIT 1

2023/09/18 00:44:13 C:/Code/Go/src/filicat/jassue-gin-try/app/services/user.go:45
[0.000ms] [rows:1] SELECT * FROM `users` WHERE id = 1 AND `users`.`deleted_at` IS NULL ORDER BY `users`.`id` LIMIT 1
